<?xml version="1.0" encoding="UTF-8"?>
<testsuite xmlns:xsi="http://www.w3.org/2001/XMLSchema-instance" xsi:noNamespaceSchemaLocation="https://maven.apache.org/surefire/maven-surefire-plugin/xsd/surefire-test-report-3.0.xsd" version="3.0" name="com.yuxeng.display.DemoDisplayApplicationTests" time="3.448" tests="1" errors="0" skipped="0" failures="0">
  <properties>
[...]
</properties>
  <testcase name="contextLoads" classname="com.yuxeng.display.DemoDisplayApplicationTests" time="0.719">
    <system-out><![CDATA[23:46:01.675 [main] INFO org.springframework.test.context.support.AnnotationConfigContextLoaderUtils -- Could not detect default configuration classes for test class [com.yuxeng.display.DemoDisplayApplicationTests]: DemoDisplayApplicationTests does not declare any static, non-private, non-final, nested classes annotated with @Configuration.
23:46:01.770 [main] INFO org.springframework.boot.test.context.SpringBootTestContextBootstrapper -- Found @SpringBootConfiguration com.yuxeng.display.DemoDisplayApplication for test class com.yuxeng.display.DemoDisplayApplicationTests
23:46:01.910 [main] INFO org.springframework.boot.devtools.restart.RestartApplicationListener -- Restart disabled due to context in which it is running

  .   ____          _            __ _ _
 /\\ / ___'_ __ _ _(_)_ __  __ _ \ \ \ \
( ( )\___ | '_ | '_| | '_ \/ _` | \ \ \ \
 \\/  ___)| |_)| | | | | || (_| |  ) ) ) )
  '  |____| .__|_| |_|_| |_\__, | / / / /
 =========|_|==============|___/=/_/_/_/
 :: Spring Boot ::                (v3.2.5)

2024-06-06T23:46:02.150+08:00  INFO 78920 --- [           main] c.y.display.DemoDisplayApplicationTests  : Starting DemoDisplayApplicationTests using Java 21.0.1 with PID 78920 (started by 19179 in E:\Documents\CodeField\SpringBoot-MyBatis-Example\demo_display)
2024-06-06T23:46:02.152+08:00  INFO 78920 --- [           main] c.y.display.DemoDisplayApplicationTests  : No active profile set, falling back to 1 default profile: "default"
2024-06-06T23:46:04.128+08:00  INFO 78920 --- [           main] o.s.b.a.e.web.EndpointLinksResolver      : Exposing 1 endpoint(s) beneath base path '/actuator'
2024-06-06T23:46:04.183+08:00  INFO 78920 --- [           main] c.y.display.DemoDisplayApplicationTests  : Started DemoDisplayApplicationTests in 2.286 seconds (process running for 3.136)
]]></system-out>
    <system-err><![CDATA[WARNING: A Java agent has been loaded dynamically (C:\Users\19179\.m2\repository\net\bytebuddy\byte-buddy-agent\1.14.13\byte-buddy-agent-1.14.13.jar)
WARNING: If a serviceability tool is in use, please run with -XX:+EnableDynamicAgentLoading to hide this warning
WARNING: If a serviceability tool is not in use, please run with -Djdk.instrument.traceUsage for more information
WARNING: Dynamic loading of agents will be disallowed by default in a future release
]]></system-err>
  </testcase>
</testsuite>